# JRE version: OpenJDK Runtime Environment (7.0_79-b14) (build 1.7.0_79-b14)
# Java VM: OpenJDK 64-Bit Server VM (24.79-b02 mixed mode linux-amd64 compressed oops)
Heap
 PSYoungGen      total 46592K, used 1509K [0x00000000eaa80000, 0x00000000ed980000, 0x0000000100000000)
  eden space 45056K, 0% used [0x00000000eaa80000,0x00000000eaa80000,0x00000000ed680000)
  from space 1536K, 98% used [0x00000000ed680000,0x00000000ed7f96f8,0x00000000ed800000)
  to   space 1536K, 0% used [0x00000000ed800000,0x00000000ed800000,0x00000000ed980000)
 ParOldGen       total 28160K, used 19201K [0x00000000c0000000, 0x00000000c1b80000, 0x00000000eaa80000)
  object space 28160K, 68% used [0x00000000c0000000,0x00000000c12c04f0,0x00000000c1b80000)
 PSPermGen       total 21504K, used 6111K [0x00000000b5a00000, 0x00000000b6f00000, 0x00000000c0000000)
  object space 21504K, 28% used [0x00000000b5a00000,0x00000000b5ff7fc0,0x00000000b6f00000)
GC Heap History (9 events):
Event: 3.165 GC heap before
{Heap before GC invocations=1 (full 0):
 PSYoungGen      total 12800K, used 11264K [0x00000000eaa80000, 0x00000000eb880000, 0x0000000100000000)
  eden space 11264K, 100% used [0x00000000eaa80000,0x00000000eb580000,0x00000000eb580000)
  from space 1536K, 0% used [0x00000000eb700000,0x00000000eb700000,0x00000000eb880000)
  to   space 1536K, 0% used [0x00000000eb580000,0x00000000eb580000,0x00000000eb700000)
 ParOldGen       total 28160K, used 0K [0x00000000c0000000, 0x00000000c1b80000, 0x00000000eaa80000)
  object space 28160K, 0% used [0x00000000c0000000,0x00000000c0000000,0x00000000c1b80000)
 PSPermGen       total 21504K, used 5720K [0x00000000b5a00000, 0x00000000b6f00000, 0x00000000c0000000)
  object space 21504K, 26% used [0x00000000b5a00000,0x00000000b5f963d8,0x00000000b6f00000)
Event: 3.224 GC heap after
Heap after GC invocations=1 (full 0):
 PSYoungGen      total 12800K, used 1514K [0x00000000eaa80000, 0x00000000ec380000, 0x0000000100000000)
  eden space 11264K, 0% used [0x00000000eaa80000,0x00000000eaa80000,0x00000000eb580000)
  from space 1536K, 98% used [0x00000000eb580000,0x00000000eb6faaa8,0x00000000eb700000)
  to   space 1536K, 0% used [0x00000000ec200000,0x00000000ec200000,0x00000000ec380000)
 ParOldGen       total 28160K, used 1889K [0x00000000c0000000, 0x00000000c1b80000, 0x00000000eaa80000)
  object space 28160K, 6% used [0x00000000c0000000,0x00000000c01d84f8,0x00000000c1b80000)
 PSPermGen       total 21504K, used 5720K [0x00000000b5a00000, 0x00000000b6f00000, 0x00000000c0000000)
  object space 21504K, 26% used [0x00000000b5a00000,0x00000000b5f963d8,0x00000000b6f00000)
}
Event: 4.092 GC heap before
{Heap before GC invocations=2 (full 0):
 PSYoungGen      total 12800K, used 12778K [0x00000000eaa80000, 0x00000000ec380000, 0x0000000100000000)
  eden space 11264K, 100% used [0x00000000eaa80000,0x00000000eb580000,0x00000000eb580000)
  from space 1536K, 98% used [0x00000000eb580000,0x00000000eb6faaa8,0x00000000eb700000)
  to   space 1536K, 0% used [0x00000000ec200000,0x00000000ec200000,0x00000000ec380000)
 ParOldGen       total 28160K, used 1889K [0x00000000c0000000, 0x00000000c1b80000, 0x00000000eaa80000)
  object space 28160K, 6% used [0x00000000c0000000,0x00000000c01d84f8,0x00000000c1b80000)
 PSPermGen       total 21504K, used 5894K [0x00000000b5a00000, 0x00000000b6f00000, 0x00000000c0000000)
  object space 21504K, 27% used [0x00000000b5a00000,0x00000000b5fc1970,0x00000000b6f00000)
Event: 4.119 GC heap after
Heap after GC invocations=2 (full 0):
 PSYoungGen      total 24064K, used 1520K [0x00000000eaa80000, 0x00000000ec380000, 0x0000000100000000)
  eden space 22528K, 0% used [0x00000000eaa80000,0x00000000eaa80000,0x00000000ec080000)
  from space 1536K, 98% used [0x00000000ec200000,0x00000000ec37c028,0x00000000ec380000)
  to   space 1536K, 0% used [0x00000000ec080000,0x00000000ec080000,0x00000000ec200000)
 ParOldGen       total 28160K, used 3766K [0x00000000c0000000, 0x00000000c1b80000, 0x00000000eaa80000)
  object space 28160K, 13% used [0x00000000c0000000,0x00000000c03ad8c8,0x00000000c1b80000)
 PSPermGen       total 21504K, used 5894K [0x00000000b5a00000, 0x00000000b6f00000, 0x00000000c0000000)
  object space 21504K, 27% used [0x00000000b5a00000,0x00000000b5fc1970,0x00000000b6f00000)
}
Event: 5.765 GC heap before
{Heap before GC invocations=3 (full 0):
 PSYoungGen      total 24064K, used 24048K [0x00000000eaa80000, 0x00000000ec380000, 0x0000000100000000)
  eden space 22528K, 100% used [0x00000000eaa80000,0x00000000ec080000,0x00000000ec080000)
  from space 1536K, 98% used [0x00000000ec200000,0x00000000ec37c028,0x00000000ec380000)
  to   space 1536K, 0% used [0x00000000ec080000,0x00000000ec080000,0x00000000ec200000)
 ParOldGen       total 28160K, used 3766K [0x00000000c0000000, 0x00000000c1b80000, 0x00000000eaa80000)
  object space 28160K, 13% used [0x00000000c0000000,0x00000000c03ad8c8,0x00000000c1b80000)
 PSPermGen       total 21504K, used 6025K [0x00000000b5a00000, 0x00000000b6f00000, 0x00000000c0000000)
  object space 21504K, 28% used [0x00000000b5a00000,0x00000000b5fe27f8,0x00000000b6f00000)
Event: 6.369 GC heap after
Heap after GC invocations=3 (full 0):
 PSYoungGen      total 24064K, used 1527K [0x00000000eaa80000, 0x00000000ed980000, 0x0000000100000000)
  eden space 22528K, 0% used [0x00000000eaa80000,0x00000000eaa80000,0x00000000ec080000)
  from space 1536K, 99% used [0x00000000ec080000,0x00000000ec1fdef0,0x00000000ec200000)
  to   space 1536K, 0% used [0x00000000ed800000,0x00000000ed800000,0x00000000ed980000)
 ParOldGen       total 28160K, used 7609K [0x00000000c0000000, 0x00000000c1b80000, 0x00000000eaa80000)
  object space 28160K, 27% used [0x00000000c0000000,0x00000000c076e780,0x00000000c1b80000)
 PSPermGen       total 21504K, used 6025K [0x00000000b5a00000, 0x00000000b6f00000, 0x00000000c0000000)
  object space 21504K, 28% used [0x00000000b5a00000,0x00000000b5fe27f8,0x00000000b6f00000)
}
Event: 7.816 GC heap before
{Heap before GC invocations=4 (full 0):
 PSYoungGen      total 24064K, used 24055K [0x00000000eaa80000, 0x00000000ed980000, 0x0000000100000000)
  eden space 22528K, 100% used [0x00000000eaa80000,0x00000000ec080000,0x00000000ec080000)
  from space 1536K, 99% used [0x00000000ec080000,0x00000000ec1fdef0,0x00000000ec200000)
  to   space 1536K, 0% used [0x00000000ed800000,0x00000000ed800000,0x00000000ed980000)
 ParOldGen       total 28160K, used 7609K [0x00000000c0000000, 0x00000000c1b80000, 0x00000000eaa80000)
  object space 28160K, 27% used [0x00000000c0000000,0x00000000c076e780,0x00000000c1b80000)
 PSPermGen       total 21504K, used 6065K [0x00000000b5a00000, 0x00000000b6f00000, 0x00000000c0000000)
  object space 21504K, 28% used [0x00000000b5a00000,0x00000000b5fec650,0x00000000b6f00000)
Event: 8.002 GC heap after
Heap after GC invocations=4 (full 0):
 PSYoungGen      total 46592K, used 1516K [0x00000000eaa80000, 0x00000000ed980000, 0x0000000100000000)
  eden space 45056K, 0% used [0x00000000eaa80000,0x00000000eaa80000,0x00000000ed680000)
  from space 1536K, 98% used [0x00000000ed800000,0x00000000ed97b038,0x00000000ed980000)
  to   space 1536K, 0% used [0x00000000ed680000,0x00000000ed680000,0x00000000ed800000)
 ParOldGen       total 28160K, used 11651K [0x00000000c0000000, 0x00000000c1b80000, 0x00000000eaa80000)
  object space 28160K, 41% used [0x00000000c0000000,0x00000000c0b60e08,0x00000000c1b80000)
 PSPermGen       total 21504K, used 6065K [0x00000000b5a00000, 0x00000000b6f00000, 0x00000000c0000000)
  object space 21504K, 28% used [0x00000000b5a00000,0x00000000b5fec650,0x00000000b6f00000)
}
Event: 10.938 GC heap before
{Heap before GC invocations=5 (full 0):
 PSYoungGen      total 46592K, used 46572K [0x00000000eaa80000, 0x00000000ed980000, 0x0000000100000000)
  eden space 45056K, 100% used [0x00000000eaa80000,0x00000000ed680000,0x00000000ed680000)
  from space 1536K, 98% used [0x00000000ed800000,0x00000000ed97b038,0x00000000ed980000)
  to   space 1536K, 0% used [0x00000000ed680000,0x00000000ed680000,0x00000000ed800000)
 ParOldGen       total 28160K, used 11651K [0x00000000c0000000, 0x00000000c1b80000, 0x00000000eaa80000)
  object space 28160K, 41% used [0x00000000c0000000,0x00000000c0b60e08,0x00000000c1b80000)
 PSPermGen       total 21504K, used 6111K [0x00000000b5a00000, 0x00000000b6f00000, 0x00000000c0000000)
  object space 21504K, 28% used [0x00000000b5a00000,0x00000000b5ff7fc0,0x00000000b6f00000)

